d:\github\standard-project\concurrentmemorypool\concurrentmemorypool\debug\vc120.pdb
d:\github\standard-project\concurrentmemorypool\concurrentmemorypool\debug\vc120.idb
d:\github\standard-project\concurrentmemorypool\concurrentmemorypool\debug\centralcache.obj
d:\github\standard-project\concurrentmemorypool\concurrentmemorypool\debug\pagecache.obj
d:\github\standard-project\concurrentmemorypool\concurrentmemorypool\debug\threadcache.obj
d:\github\standard-project\concurrentmemorypool\concurrentmemorypool\debug\unittest.obj
d:\github\standard-project\concurrentmemorypool\concurrentmemorypool\debug\benchmark.obj
d:\github\standard-project\concurrentmemorypool\debug\concurrentmemorypool.exe
d:\github\standard-project\concurrentmemorypool\debug\concurrentmemorypool.pdb
c:\users\19890\desktop\standard-project-main\concurrentmemorypool\concurrentmemorypool\debug\benchmark.obj
c:\users\19890\desktop\standard-project-main\concurrentmemorypool\concurrentmemorypool\debug\centralcache.obj
c:\users\19890\desktop\standard-project-main\concurrentmemorypool\concurrentmemorypool\debug\pagecache.obj
c:\users\19890\desktop\standard-project-main\concurrentmemorypool\concurrentmemorypool\debug\threadcache.obj
c:\users\19890\desktop\standard-project-main\concurrentmemorypool\concurrentmemorypool\debug\unittest.obj
c:\users\19890\desktop\standard-project-main\concurrentmemorypool\concurrentmemorypool\debug\vc120.idb
c:\users\19890\desktop\standard-project-main\concurrentmemorypool\concurrentmemorypool\debug\vc120.pdb
c:\users\19890\desktop\standard-project-main\concurrentmemorypool\debug\concurrentmemorypool.pdb
c:\users\19890\desktop\standard-project-main\concurrentmemorypool\debug\concurrentmemorypool.exe
c:\users\19890\desktop\standard-project-main\concurrentmemorypool\concurrentmemorypool\debug\concurre.4629ed6f.tlog\cl.command.1.tlog
c:\users\19890\desktop\standard-project-main\concurrentmemorypool\concurrentmemorypool\debug\concurre.4629ed6f.tlog\cl.read.1.tlog
c:\users\19890\desktop\standard-project-main\concurrentmemorypool\concurrentmemorypool\debug\concurre.4629ed6f.tlog\cl.write.1.tlog
c:\users\19890\desktop\standard-project-main\concurrentmemorypool\concurrentmemorypool\debug\concurre.4629ed6f.tlog\link.command.1.tlog
c:\users\19890\desktop\standard-project-main\concurrentmemorypool\concurrentmemorypool\debug\concurre.4629ed6f.tlog\link.read.1.tlog
c:\users\19890\desktop\standard-project-main\concurrentmemorypool\concurrentmemorypool\debug\concurre.4629ed6f.tlog\link.write.1.tlog
